Counted fined cars by manufacturer:
--------------------------------
{ASTON MARTIN=1, LEXUS=1, AUDI=1, TESLA=1, TOYOTA=3, MERCEDES-BENZ=2, JAGUAR=1, VOLKSWAGEN=1}

Record overview (timestamp asc):
--------------------------------
[
 Record{
sequenceID=1,
timestamp=1381155854900600,
time=01.11.2023 03:46:50,
picture=
+--------------+
|        ACAAA |
|        FAFAA |
|        CAECA |
|              |
+--------------+
+---[3ON0X6]---+
+--------------+,
licensePlate=3ON0X6,
name='Maureen Park',
birthDate=Fri Jul 21 00:00:00 CET 1978,
phoneNumber=1757609961846,
allowedSpeed=50,
measuredSpeed=59,
measuredSpeedAfterDeductingTolerance=56,
penalty=58.5
}, 
 Record{
sequenceID=2,
timestamp=1381155858691700,
time=01.11.2023 03:46:50,
picture=
+--------------+
|        EEEAC |
|        FFCAF |
|        ACFAE |
|              |
+--------------+
+---[7WP95T]---+
+--------------+,
licensePlate=7WP95T,
name='Corey Huff',
birthDate=Sat Dec 05 00:00:00 CET 1981,
phoneNumber=1606685616831,
allowedSpeed=50,
measuredSpeed=58,
measuredSpeedAfterDeductingTolerance=55,
penalty=58.5
}, 
 Record{
sequenceID=3,
timestamp=1381155863147200,
time=01.11.2023 03:46:50,
picture=
+--------------+
|        CCAFA |
|        FECCA |
|        FCFAA |
|              |
+--------------+
+---[GML0Z7]---+
+--------------+,
licensePlate=GML0Z7,
name='Claudia Phelps',
birthDate=Wed May 02 00:00:00 CET 1973,
phoneNumber=1514586500881,
allowedSpeed=50,
measuredSpeed=69,
measuredSpeedAfterDeductingTolerance=66,
penalty=98.5
}, 
 Record{
sequenceID=4,
timestamp=1381155866600200,
time=01.11.2023 03:46:50,
picture=
+--------------+
|        EFCCA |
|        FCCEA |
|        EFCAF |
|              |
+--------------+
+---[RCYBGR]---+
+--------------+,
licensePlate=RCYBGR,
name='Betsy Thompson',
birthDate=Wed Jan 26 00:00:00 CET 1972,
phoneNumber=1773812137260,
allowedSpeed=50,
measuredSpeed=58,
measuredSpeedAfterDeductingTolerance=55,
penalty=58.5
}, 
 Record{
sequenceID=5,
timestamp=1381155869303400,
time=01.11.2023 03:46:50,
picture=
+--------------+
|        CACCC |
|        CFCCA |
|        ECCFC |
|              |
+--------------+
+---[UAVIVM]---+
+--------------+,
licensePlate=UAVIVM,
name='Joey Gonzales',
birthDate=Mon Jan 31 00:00:00 CET 1972,
phoneNumber=1792038425649,
allowedSpeed=50,
measuredSpeed=54,
measuredSpeedAfterDeductingTolerance=51,
penalty=58.5
}, 
 Record{
sequenceID=6,
timestamp=1381155871637500,
time=01.11.2023 03:46:50,
picture=
+--------------+
|        FCEFF |
|        AEACC |
|        CAAFA |
|              |
+--------------+
+---[KE5ARZ]---+
+--------------+,
licensePlate=KE5ARZ,
name='Shannon Bates',
birthDate=Thu Sep 07 00:00:00 CET 1967,
phoneNumber=1787059123631,
allowedSpeed=50,
measuredSpeed=59,
measuredSpeedAfterDeductingTolerance=56,
penalty=58.5
}, 
 Record{
sequenceID=7,
timestamp=1381155874008600,
time=01.11.2023 03:46:50,
picture=
+--------------+
|        CACCA |
|        ACFAA |
|        AAAAA |
|              |
+--------------+
+---[ZNQOXM]---+
+--------------+,
licensePlate=ZNQOXM,
name='Elbert Hanson',
birthDate=Thu Nov 27 00:00:00 CET 1997,
phoneNumber=1738336279110,
allowedSpeed=50,
measuredSpeed=58,
measuredSpeedAfterDeductingTolerance=55,
penalty=58.5
}, 
 Record{
sequenceID=8,
timestamp=1381155876392300,
time=01.11.2023 03:46:50,
picture=
+--------------+
|        FAFFF |
|        AACEF |
|        CAFFE |
|              |
+--------------+
+---[IOT17J]---+
+--------------+,
licensePlate=IOT17J,
name='Irvin Henry',
birthDate=Fri Aug 14 00:00:00 CET 1970,
phoneNumber=1776353942800,
allowedSpeed=50,
measuredSpeed=58,
measuredSpeedAfterDeductingTolerance=55,
penalty=58.5
}, 
 Record{
sequenceID=9,
timestamp=1381155882189100,
time=01.11.2023 03:46:50,
picture=
+--------------+
|        CFAAC |
|        ACAFC |
|        AECEA |
|              |
+--------------+
+---[NHV8VN]---+
+--------------+,
licensePlate=NHV8VN,
name='Lisa Ortega',
birthDate=Fri Jun 22 00:00:00 CEST 1990,
phoneNumber=1779702861905,
allowedSpeed=50,
measuredSpeed=54,
measuredSpeedAfterDeductingTolerance=51,
penalty=58.5
}, 
 Record{
sequenceID=10,
timestamp=1381155884530900,
time=01.11.2023 03:46:50,
picture=
+--------------+
|        AEFFC |
|        CCAAF |
|        AECEA |
|              |
+--------------+
+---[HXYBDV]---+
+--------------+,
licensePlate=HXYBDV,
name='Lee Taylor',
birthDate=Thu Apr 20 00:00:00 CEST 1995,
phoneNumber=1604752665103,
allowedSpeed=50,
measuredSpeed=62,
measuredSpeedAfterDeductingTolerance=59,
penalty=58.5
}, 
 Record{
sequenceID=11,
timestamp=1381155886963800,
time=01.11.2023 03:46:50,
picture=
+--------------+
|        EAFEE |
|        CECFF |
|        FAECA |
|              |
+--------------+
+---[LV1MPR]---+
+--------------+,
licensePlate=LV1MPR,
name='Eileen Luna',
birthDate=Sun Oct 18 00:00:00 CET 1953,
phoneNumber=1608767762051,
allowedSpeed=50,
measuredSpeed=58,
measuredSpeedAfterDeductingTolerance=55,
penalty=58.5
}]

Record overview (measured speed desc):
--------------------------------
[
 Record{
sequenceID=3,
timestamp=1381155863147200,
time=01.11.2023 03:46:50,
picture=
+--------------+
|        CCAFA |
|        FECCA |
|        FCFAA |
|              |
+--------------+
+---[GML0Z7]---+
+--------------+,
licensePlate=GML0Z7,
name='Claudia Phelps',
birthDate=Wed May 02 00:00:00 CET 1973,
phoneNumber=1514586500881,
allowedSpeed=50,
measuredSpeed=69,
measuredSpeedAfterDeductingTolerance=66,
penalty=98.5
}, 
 Record{
sequenceID=10,
timestamp=1381155884530900,
time=01.11.2023 03:46:50,
picture=
+--------------+
|        AEFFC |
|        CCAAF |
|        AECEA |
|              |
+--------------+
+---[HXYBDV]---+
+--------------+,
licensePlate=HXYBDV,
name='Lee Taylor',
birthDate=Thu Apr 20 00:00:00 CEST 1995,
phoneNumber=1604752665103,
allowedSpeed=50,
measuredSpeed=62,
measuredSpeedAfterDeductingTolerance=59,
penalty=58.5
}, 
 Record{
sequenceID=1,
timestamp=1381155854900600,
time=01.11.2023 03:46:50,
picture=
+--------------+
|        ACAAA |
|        FAFAA |
|        CAECA |
|              |
+--------------+
+---[3ON0X6]---+
+--------------+,
licensePlate=3ON0X6,
name='Maureen Park',
birthDate=Fri Jul 21 00:00:00 CET 1978,
phoneNumber=1757609961846,
allowedSpeed=50,
measuredSpeed=59,
measuredSpeedAfterDeductingTolerance=56,
penalty=58.5
}, 
 Record{
sequenceID=6,
timestamp=1381155871637500,
time=01.11.2023 03:46:50,
picture=
+--------------+
|        FCEFF |
|        AEACC |
|        CAAFA |
|              |
+--------------+
+---[KE5ARZ]---+
+--------------+,
licensePlate=KE5ARZ,
name='Shannon Bates',
birthDate=Thu Sep 07 00:00:00 CET 1967,
phoneNumber=1787059123631,
allowedSpeed=50,
measuredSpeed=59,
measuredSpeedAfterDeductingTolerance=56,
penalty=58.5
}, 
 Record{
sequenceID=2,
timestamp=1381155858691700,
time=01.11.2023 03:46:50,
picture=
+--------------+
|        EEEAC |
|        FFCAF |
|        ACFAE |
|              |
+--------------+
+---[7WP95T]---+
+--------------+,
licensePlate=7WP95T,
name='Corey Huff',
birthDate=Sat Dec 05 00:00:00 CET 1981,
phoneNumber=1606685616831,
allowedSpeed=50,
measuredSpeed=58,
measuredSpeedAfterDeductingTolerance=55,
penalty=58.5
}, 
 Record{
sequenceID=4,
timestamp=1381155866600200,
time=01.11.2023 03:46:50,
picture=
+--------------+
|        EFCCA |
|        FCCEA |
|        EFCAF |
|              |
+--------------+
+---[RCYBGR]---+
+--------------+,
licensePlate=RCYBGR,
name='Betsy Thompson',
birthDate=Wed Jan 26 00:00:00 CET 1972,
phoneNumber=1773812137260,
allowedSpeed=50,
measuredSpeed=58,
measuredSpeedAfterDeductingTolerance=55,
penalty=58.5
}, 
 Record{
sequenceID=7,
timestamp=1381155874008600,
time=01.11.2023 03:46:50,
picture=
+--------------+
|        CACCA |
|        ACFAA |
|        AAAAA |
|              |
+--------------+
+---[ZNQOXM]---+
+--------------+,
licensePlate=ZNQOXM,
name='Elbert Hanson',
birthDate=Thu Nov 27 00:00:00 CET 1997,
phoneNumber=1738336279110,
allowedSpeed=50,
measuredSpeed=58,
measuredSpeedAfterDeductingTolerance=55,
penalty=58.5
}, 
 Record{
sequenceID=8,
timestamp=1381155876392300,
time=01.11.2023 03:46:50,
picture=
+--------------+
|        FAFFF |
|        AACEF |
|        CAFFE |
|              |
+--------------+
+---[IOT17J]---+
+--------------+,
licensePlate=IOT17J,
name='Irvin Henry',
birthDate=Fri Aug 14 00:00:00 CET 1970,
phoneNumber=1776353942800,
allowedSpeed=50,
measuredSpeed=58,
measuredSpeedAfterDeductingTolerance=55,
penalty=58.5
}, 
 Record{
sequenceID=11,
timestamp=1381155886963800,
time=01.11.2023 03:46:50,
picture=
+--------------+
|        EAFEE |
|        CECFF |
|        FAECA |
|              |
+--------------+
+---[LV1MPR]---+
+--------------+,
licensePlate=LV1MPR,
name='Eileen Luna',
birthDate=Sun Oct 18 00:00:00 CET 1953,
phoneNumber=1608767762051,
allowedSpeed=50,
measuredSpeed=58,
measuredSpeedAfterDeductingTolerance=55,
penalty=58.5
}, 
 Record{
sequenceID=5,
timestamp=1381155869303400,
time=01.11.2023 03:46:50,
picture=
+--------------+
|        CACCC |
|        CFCCA |
|        ECCFC |
|              |
+--------------+
+---[UAVIVM]---+
+--------------+,
licensePlate=UAVIVM,
name='Joey Gonzales',
birthDate=Mon Jan 31 00:00:00 CET 1972,
phoneNumber=1792038425649,
allowedSpeed=50,
measuredSpeed=54,
measuredSpeedAfterDeductingTolerance=51,
penalty=58.5
}, 
 Record{
sequenceID=9,
timestamp=1381155882189100,
time=01.11.2023 03:46:50,
picture=
+--------------+
|        CFAAC |
|        ACAFC |
|        AECEA |
|              |
+--------------+
+---[NHV8VN]---+
+--------------+,
licensePlate=NHV8VN,
name='Lisa Ortega',
birthDate=Fri Jun 22 00:00:00 CEST 1990,
phoneNumber=1779702861905,
allowedSpeed=50,
measuredSpeed=54,
measuredSpeedAfterDeductingTolerance=51,
penalty=58.5
}]

Record overview (to fast speed average, min, max):
--------------------------------
average: 5,82
min: 1
max: 16
